Wed Jan 24 2024 17:16:43 } [MSAM] error: 🐱‍🏍 globalErrorHandler ~~ [
  {
    "code": "invalid_type",
    "expected": "string",
    "received": "undefined",
    "path": [
      "body",
      "phoneNumber"
    ],
    "message": "Required"
  },
  {
    "code": "invalid_type",
    "expected": "string",
    "received": "undefined",
    "path": [
      "body",
      "email"
    ],
    "message": "Required"
  },
  {
    "code": "invalid_type",
    "expected": "string",
    "received": "undefined",
    "path": [
      "body",
      "password"
    ],
    "message": "Required"
  },
  {
    "code": "invalid_type",
    "expected": "string",
    "received": "undefined",
    "path": [
      "body",
      "confirmPassword"
    ],
    "message": "Required"
  },
  {
    "code": "invalid_type",
    "expected": "string",
    "received": "undefined",
    "path": [
      "body",
      "fatherName"
    ],
    "message": "Required"
  },
  {
    "code": "invalid_type",
    "expected": "string",
    "received": "undefined",
    "path": [
      "body",
      "fatherContactNo"
    ],
    "message": "Required"
  },
  {
    "code": "invalid_type",
    "expected": "string",
    "received": "undefined",
    "path": [
      "body",
      "motherName"
    ],
    "message": "Required"
  },
  {
    "code": "invalid_type",
    "expected": "string",
    "received": "undefined",
    "path": [
      "body",
      "presentAddress"
    ],
    "message": "Required"
  },
  {
    "code": "invalid_type",
    "expected": "string",
    "received": "undefined",
    "path": [
      "body",
      "permanentAddress"
    ],
    "message": "Required"
  },
  {
    "code": "invalid_type",
    "expected": "string",
    "received": "undefined",
    "path": [
      "body",
      "rollNo"
    ],
    "message": "Required"
  },
  {
    "code": "invalid_type",
    "expected": "string",
    "received": "undefined",
    "path": [
      "body",
      "dhakaUniversityRegNo"
    ],
    "message": "Required"
  },
  {
    "code": "invalid_type",
    "expected": "string",
    "received": "undefined",
    "path": [
      "body",
      "session"
    ],
    "message": "Required"
  },
  {
    "code": "invalid_type",
    "expected": "number",
    "received": "undefined",
    "path": [
      "body",
      "sscYear"
    ],
    "message": "Required"
  },
  {
    "code": "invalid_type",
    "expected": "number",
    "received": "undefined",
    "path": [
      "body",
      "sscGpa"
    ],
    "message": "Required"
  },
  {
    "code": "invalid_type",
    "expected": "number",
    "received": "undefined",
    "path": [
      "body",
      "hscYear"
    ],
    "message": "Required"
  },
  {
    "code": "invalid_type",
    "expected": "number",
    "received": "undefined",
    "path": [
      "body",
      "hscGpa"
    ],
    "message": "Required"
  },
  {
    "expected": "'male' | 'female' | 'other'",
    "received": "undefined",
    "code": "invalid_type",
    "path": [
      "body",
      "gender"
    ],
    "message": "Required"
  }
]
Wed Jan 24 2024 17:17:35 } [MSAM] error: 🐱‍🏍 globalErrorHandler ~~ [
  {
    "code": "invalid_type",
    "expected": "string",
    "received": "undefined",
    "path": [
      "body",
      "phoneNumber"
    ],
    "message": "Required"
  },
  {
    "code": "invalid_type",
    "expected": "string",
    "received": "undefined",
    "path": [
      "body",
      "email"
    ],
    "message": "Required"
  },
  {
    "code": "invalid_type",
    "expected": "string",
    "received": "undefined",
    "path": [
      "body",
      "password"
    ],
    "message": "Required"
  },
  {
    "code": "invalid_type",
    "expected": "string",
    "received": "undefined",
    "path": [
      "body",
      "confirmPassword"
    ],
    "message": "Required"
  },
  {
    "code": "invalid_type",
    "expected": "string",
    "received": "undefined",
    "path": [
      "body",
      "fatherName"
    ],
    "message": "Required"
  },
  {
    "code": "invalid_type",
    "expected": "string",
    "received": "undefined",
    "path": [
      "body",
      "fatherContactNo"
    ],
    "message": "Required"
  },
  {
    "code": "invalid_type",
    "expected": "string",
    "received": "undefined",
    "path": [
      "body",
      "motherName"
    ],
    "message": "Required"
  },
  {
    "code": "invalid_type",
    "expected": "string",
    "received": "undefined",
    "path": [
      "body",
      "presentAddress"
    ],
    "message": "Required"
  },
  {
    "code": "invalid_type",
    "expected": "string",
    "received": "undefined",
    "path": [
      "body",
      "permanentAddress"
    ],
    "message": "Required"
  },
  {
    "code": "invalid_type",
    "expected": "string",
    "received": "undefined",
    "path": [
      "body",
      "rollNo"
    ],
    "message": "Required"
  },
  {
    "code": "invalid_type",
    "expected": "string",
    "received": "undefined",
    "path": [
      "body",
      "dhakaUniversityRegNo"
    ],
    "message": "Required"
  },
  {
    "code": "invalid_type",
    "expected": "string",
    "received": "undefined",
    "path": [
      "body",
      "session"
    ],
    "message": "Required"
  },
  {
    "code": "invalid_type",
    "expected": "number",
    "received": "undefined",
    "path": [
      "body",
      "sscYear"
    ],
    "message": "Required"
  },
  {
    "code": "invalid_type",
    "expected": "number",
    "received": "undefined",
    "path": [
      "body",
      "sscGpa"
    ],
    "message": "Required"
  },
  {
    "code": "invalid_type",
    "expected": "number",
    "received": "undefined",
    "path": [
      "body",
      "hscYear"
    ],
    "message": "Required"
  },
  {
    "code": "invalid_type",
    "expected": "number",
    "received": "undefined",
    "path": [
      "body",
      "hscGpa"
    ],
    "message": "Required"
  },
  {
    "expected": "'male' | 'female' | 'other'",
    "received": "undefined",
    "code": "invalid_type",
    "path": [
      "body",
      "gender"
    ],
    "message": "Required"
  }
]
Wed Jan 24 2024 17:30:46 } [MSAM] error: 🐱‍🏍 globalErrorHandler ~~ Student validation failed: hscGpa: Path `hscGpa` is required., hscYear: Path `hscYear` is required., sscGpa: Path `sscGpa` is required., sscYear: Path `sscYear` is required., session: Path `session` is required., dhakaUniversityRegNo: Path `dhakaUniversityRegNo` is required., rollNo: Path `rollNo` is required., motherName: Path `motherName` is required., fatherName: Path `fatherName` is required., permanentAddress: Path `permanentAddress` is required., presentAddress: Path `presentAddress` is required., phoneNumber: Path `phoneNumber` is required., email: Path `email` is required.
Wed Jan 24 2024 17:31:3 } [MSAM] error: 🐱‍🏍 globalErrorHandler ~~ [
  {
    "code": "invalid_type",
    "expected": "string",
    "received": "undefined",
    "path": [
      "body",
      "phoneNumber"
    ],
    "message": "Required"
  },
  {
    "code": "invalid_type",
    "expected": "string",
    "received": "undefined",
    "path": [
      "body",
      "email"
    ],
    "message": "Required"
  },
  {
    "code": "invalid_type",
    "expected": "string",
    "received": "undefined",
    "path": [
      "body",
      "password"
    ],
    "message": "Required"
  },
  {
    "code": "invalid_type",
    "expected": "string",
    "received": "undefined",
    "path": [
      "body",
      "confirmPassword"
    ],
    "message": "Required"
  },
  {
    "code": "invalid_type",
    "expected": "string",
    "received": "undefined",
    "path": [
      "body",
      "fatherName"
    ],
    "message": "Required"
  },
  {
    "code": "invalid_type",
    "expected": "string",
    "received": "undefined",
    "path": [
      "body",
      "fatherContactNo"
    ],
    "message": "Required"
  },
  {
    "code": "invalid_type",
    "expected": "string",
    "received": "undefined",
    "path": [
      "body",
      "motherName"
    ],
    "message": "Required"
  },
  {
    "code": "invalid_type",
    "expected": "string",
    "received": "undefined",
    "path": [
      "body",
      "presentAddress"
    ],
    "message": "Required"
  },
  {
    "code": "invalid_type",
    "expected": "string",
    "received": "undefined",
    "path": [
      "body",
      "permanentAddress"
    ],
    "message": "Required"
  },
  {
    "code": "invalid_type",
    "expected": "string",
    "received": "undefined",
    "path": [
      "body",
      "rollNo"
    ],
    "message": "Required"
  },
  {
    "code": "invalid_type",
    "expected": "string",
    "received": "undefined",
    "path": [
      "body",
      "dhakaUniversityRegNo"
    ],
    "message": "Required"
  },
  {
    "code": "invalid_type",
    "expected": "string",
    "received": "undefined",
    "path": [
      "body",
      "session"
    ],
    "message": "Required"
  },
  {
    "code": "invalid_type",
    "expected": "number",
    "received": "undefined",
    "path": [
      "body",
      "sscYear"
    ],
    "message": "Required"
  },
  {
    "code": "invalid_type",
    "expected": "number",
    "received": "undefined",
    "path": [
      "body",
      "sscGpa"
    ],
    "message": "Required"
  },
  {
    "code": "invalid_type",
    "expected": "number",
    "received": "undefined",
    "path": [
      "body",
      "hscYear"
    ],
    "message": "Required"
  },
  {
    "code": "invalid_type",
    "expected": "number",
    "received": "undefined",
    "path": [
      "body",
      "hscGpa"
    ],
    "message": "Required"
  },
  {
    "expected": "'male' | 'female' | 'other'",
    "received": "undefined",
    "code": "invalid_type",
    "path": [
      "body",
      "gender"
    ],
    "message": "Required"
  }
]
Wed Jan 24 2024 17:31:19 } [MSAM] error: 🐱‍🏍 globalErrorHandler ~~ Student validation failed: hscGpa: Path `hscGpa` is required., hscYear: Path `hscYear` is required., sscGpa: Path `sscGpa` is required., sscYear: Path `sscYear` is required., session: Path `session` is required., dhakaUniversityRegNo: Path `dhakaUniversityRegNo` is required., rollNo: Path `rollNo` is required., motherName: Path `motherName` is required., fatherName: Path `fatherName` is required., permanentAddress: Path `permanentAddress` is required., presentAddress: Path `presentAddress` is required., phoneNumber: Path `phoneNumber` is required., email: Path `email` is required.
